<?xml version="1.0" encoding="UTF-8"?>
<testsuite name="lab.IterativeParallelismTest" tests="6" skipped="0" failures="0" errors="0" timestamp="2015-11-12T19:14:31" hostname="Dmitriys-MBP" time="0.928">
  <properties/>
  <testcase name="testAll" classname="lab.IterativeParallelismTest" time="0.27"/>
  <testcase name="testAny" classname="lab.IterativeParallelismTest" time="0.212"/>
  <testcase name="testMap" classname="lab.IterativeParallelismTest" time="0.115"/>
  <testcase name="testMaximum" classname="lab.IterativeParallelismTest" time="0.111"/>
  <testcase name="testMinimum" classname="lab.IterativeParallelismTest" time="0.106"/>
  <testcase name="testFilter" classname="lab.IterativeParallelismTest" time="0.111"/>
  <system-out><![CDATA[]]></system-out>
  <system-err><![CDATA[]]></system-err>
</testsuite>
